Initialize engine version: 5.6.1f1 (2860b30f0b54)
GfxDevice: creating device client; threaded=1
Direct3D:
    Version:  Direct3D 11.0 [level 11.0]
    Renderer: Intel(R) HD Graphics 4000 (ID=0x166)
    Vendor:   Intel
    VRAM:     912 MB
    Driver:   10.18.10.4358
Begin MonoManager ReloadAssembly
Platform assembly: C:\Users\Kyrio\Desktop\New folder (4)\RP\RPG\RPG_Data\Managed\UnityEngine.dll (this message is harmless)
Loading C:\Users\Kyrio\Desktop\New folder (4)\RP\RPG\RPG_Data\Managed\UnityEngine.dll into Unity Child Domain
Platform assembly: C:\Users\Kyrio\Desktop\New folder (4)\RP\RPG\RPG_Data\Managed\Assembly-CSharp.dll (this message is harmless)
Loading C:\Users\Kyrio\Desktop\New folder (4)\RP\RPG\RPG_Data\Managed\Assembly-CSharp.dll into Unity Child Domain
Platform assembly: C:\Users\Kyrio\Desktop\New folder (4)\RP\RPG\RPG_Data\Managed\UnityEngine.UI.dll (this message is harmless)
Loading C:\Users\Kyrio\Desktop\New folder (4)\RP\RPG\RPG_Data\Managed\UnityEngine.UI.dll into Unity Child Domain
Platform assembly: C:\Users\Kyrio\Desktop\New folder (4)\RP\RPG\RPG_Data\Managed\UnityEngine.Networking.dll (this message is harmless)
Loading C:\Users\Kyrio\Desktop\New folder (4)\RP\RPG\RPG_Data\Managed\UnityEngine.Networking.dll into Unity Child Domain
Platform assembly: C:\Users\Kyrio\Desktop\New folder (4)\RP\RPG\RPG_Data\Managed\TextMeshPro-1.0.55.56.0b10.dll (this message is harmless)
Loading C:\Users\Kyrio\Desktop\New folder (4)\RP\RPG\RPG_Data\Managed\TextMeshPro-1.0.55.56.0b10.dll into Unity Child Domain
- Completed reload, in  0.085 seconds
Platform assembly: C:\Users\Kyrio\Desktop\New folder (4)\RP\RPG\RPG_Data\Managed\System.Core.dll (this message is harmless)
Platform assembly: C:\Users\Kyrio\Desktop\New folder (4)\RP\RPG\RPG_Data\Managed\System.dll (this message is harmless)
desktop: 1920x1080 60Hz; virtual: 1920x1080 at 0,0
<RI> Initializing input.
<RI> Input initialized.
<RI> Initialized touch support.
UnloadTime: 3.956676 ms
DontDestroyOnLoad only work for root GameObjects or components on root GameObjects.
 
(Filename:  Line: 462)

DontDestroyOnLoad only work for root GameObjects or components on root GameObjects.
 
(Filename:  Line: 462)

Setting up 2 worker threads for Enlighten.
  Thread -> id: 2908 -> priority: 1 
  Thread -> id: 3db0 -> priority: 1 
InvalidOperationException: Operation is not valid due to the current state of the object
  at System.Collections.Generic.Stack`1[Menu].Peek () [0x00000] in <filename unknown>:0 
  at BattleController.Update () [0x00000] in <filename unknown>:0 
 
(Filename:  Line: -1)

Executing action
 
(Filename: C:/buildslave/unity/build/artifacts/generated/common/runtime/DebugBindings.gen.cpp Line: 51)

970/1250
 
(Filename: C:/buildslave/unity/build/artifacts/generated/common/runtime/DebugBindings.gen.cpp Line: 51)

Pop
 
(Filename: C:/buildslave/unity/build/artifacts/generated/common/runtime/DebugBindings.gen.cpp Line: 51)

Action Complete
 
(Filename: C:/buildslave/unity/build/artifacts/generated/common/runtime/DebugBindings.gen.cpp Line: 51)

Executing action
 
(Filename: C:/buildslave/unity/build/artifacts/generated/common/runtime/DebugBindings.gen.cpp Line: 51)

ActionFailed
 
(Filename: C:/buildslave/unity/build/artifacts/generated/common/runtime/DebugBindings.gen.cpp Line: 51)

Executing action
 
(Filename: C:/buildslave/unity/build/artifacts/generated/common/runtime/DebugBindings.gen.cpp Line: 51)

ActionFailed
 
(Filename: C:/buildslave/unity/build/artifacts/generated/common/runtime/DebugBindings.gen.cpp Line: 51)

Executing action
 
(Filename: C:/buildslave/unity/build/artifacts/generated/common/runtime/DebugBindings.gen.cpp Line: 51)

ActionFailed
 
(Filename: C:/buildslave/unity/build/artifacts/generated/common/runtime/DebugBindings.gen.cpp Line: 51)

Executing action
 
(Filename: C:/buildslave/unity/build/artifacts/generated/common/runtime/DebugBindings.gen.cpp Line: 51)

ActionFailed
 
(Filename: C:/buildslave/unity/build/artifacts/generated/common/runtime/DebugBindings.gen.cpp Line: 51)

Executing action
 
(Filename: C:/buildslave/unity/build/artifacts/generated/common/runtime/DebugBindings.gen.cpp Line: 51)

ActionFailed
 
(Filename: C:/buildslave/unity/build/artifacts/generated/common/runtime/DebugBindings.gen.cpp Line: 51)

Executing action
 
(Filename: C:/buildslave/unity/build/artifacts/generated/common/runtime/DebugBindings.gen.cpp Line: 51)

ActionFailed
 
(Filename: C:/buildslave/unity/build/artifacts/generated/common/runtime/DebugBindings.gen.cpp Line: 51)

Executing action
 
(Filename: C:/buildslave/unity/build/artifacts/generated/common/runtime/DebugBindings.gen.cpp Line: 51)

ActionFailed
 
(Filename: C:/buildslave/unity/build/artifacts/generated/common/runtime/DebugBindings.gen.cpp Line: 51)

Executing action
 
(Filename: C:/buildslave/unity/build/artifacts/generated/common/runtime/DebugBindings.gen.cpp Line: 51)

ActionFailed
 
(Filename: C:/buildslave/unity/build/artifacts/generated/common/runtime/DebugBindings.gen.cpp Line: 51)

Executing action
 
(Filename: C:/buildslave/unity/build/artifacts/generated/common/runtime/DebugBindings.gen.cpp Line: 51)

ActionFailed
 
(Filename: C:/buildslave/unity/build/artifacts/generated/common/runtime/DebugBindings.gen.cpp Line: 51)

Executing action
 
(Filename: C:/buildslave/unity/build/artifacts/generated/common/runtime/DebugBindings.gen.cpp Line: 51)

ActionFailed
 
(Filename: C:/buildslave/unity/build/artifacts/generated/common/runtime/DebugBindings.gen.cpp Line: 51)

Executing action
 
(Filename: C:/buildslave/unity/build/artifacts/generated/common/runtime/DebugBindings.gen.cpp Line: 51)

ActionFailed
 
(Filename: C:/buildslave/unity/build/artifacts/generated/common/runtime/DebugBindings.gen.cpp Line: 51)

Executing action
 
(Filename: C:/buildslave/unity/build/artifacts/generated/common/runtime/DebugBindings.gen.cpp Line: 51)

Pop
 
(Filename: C:/buildslave/unity/build/artifacts/generated/common/runtime/DebugBindings.gen.cpp Line: 51)

Action Complete
 
(Filename: C:/buildslave/unity/build/artifacts/generated/common/runtime/DebugBindings.gen.cpp Line: 51)

InvalidOperationException: Operation is not valid due to the current state of the object
  at System.Collections.Generic.Stack`1[Menu].Peek () [0x00000] in <filename unknown>:0 
  at BattleController.Update () [0x00000] in <filename unknown>:0 
 
(Filename:  Line: -1)

Executing action
 
(Filename: C:/buildslave/unity/build/artifacts/generated/common/runtime/DebugBindings.gen.cpp Line: 51)

ActionFailed
 
(Filename: C:/buildslave/unity/build/artifacts/generated/common/runtime/DebugBindings.gen.cpp Line: 51)

Executing action
 
(Filename: C:/buildslave/unity/build/artifacts/generated/common/runtime/DebugBindings.gen.cpp Line: 51)

392/1250
 
(Filename: C:/buildslave/unity/build/artifacts/generated/common/runtime/DebugBindings.gen.cpp Line: 51)

Pop
 
(Filename: C:/buildslave/unity/build/artifacts/generated/common/runtime/DebugBindings.gen.cpp Line: 51)

Action Complete
 
(Filename: C:/buildslave/unity/build/artifacts/generated/common/runtime/DebugBindings.gen.cpp Line: 51)

Executing action
 
(Filename: C:/buildslave/unity/build/artifacts/generated/common/runtime/DebugBindings.gen.cpp Line: 51)

Pop
 
(Filename: C:/buildslave/unity/build/artifacts/generated/common/runtime/DebugBindings.gen.cpp Line: 51)

Action Complete
 
(Filename: C:/buildslave/unity/build/artifacts/generated/common/runtime/DebugBindings.gen.cpp Line: 51)

Executing action
 
(Filename: C:/buildslave/unity/build/artifacts/generated/common/runtime/DebugBindings.gen.cpp Line: 51)

Pop
 
(Filename: C:/buildslave/unity/build/artifacts/generated/common/runtime/DebugBindings.gen.cpp Line: 51)

Action Complete
 
(Filename: C:/buildslave/unity/build/artifacts/generated/common/runtime/DebugBindings.gen.cpp Line: 51)

InvalidOperationException: Operation is not valid due to the current state of the object
  at System.Collections.Generic.Stack`1[Menu].Peek () [0x00000] in <filename unknown>:0 
  at BattleController.Update () [0x00000] in <filename unknown>:0 
 
(Filename:  Line: -1)

Executing action
 
(Filename: C:/buildslave/unity/build/artifacts/generated/common/runtime/DebugBindings.gen.cpp Line: 51)

0/1250
 
(Filename: C:/buildslave/unity/build/artifacts/generated/common/runtime/DebugBindings.gen.cpp Line: 51)

Pop
 
(Filename: C:/buildslave/unity/build/artifacts/generated/common/runtime/DebugBindings.gen.cpp Line: 51)

Action Complete
 
(Filename: C:/buildslave/unity/build/artifacts/generated/common/runtime/DebugBindings.gen.cpp Line: 51)

done
 
(Filename: C:/buildslave/unity/build/artifacts/generated/common/runtime/DebugBindings.gen.cpp Line: 51)

